<?xml version="1.0" encoding="UTF-8"?>
<!-- Generated by org.testng.reporters.JUnitReportReporter -->
<testsuite skipped="0" hostname="PANIGRAP8" name="hp.Seals.PrintheadDetailsApiDbTest.PrintheadDetailsAPIvsDBTest" tests="3" failures="0" timestamp="03 Mar 2021 08:28:04 GMT" time="59.946" errors="0">
  <testcase name="TC_TimeUsedValuesFromPrintheadDetailsAPIvsDB" time="7.932" classname="hp.Seals.PrintheadDetailsApiDbTest.PrintheadDetailsAPIvsDBTest"/>
  <testcase name="TC_ColorValuesFromPrintheadDetailsAPIvsDB" time="32.245" classname="hp.Seals.PrintheadDetailsApiDbTest.PrintheadDetailsAPIvsDBTest"/>
  <testcase name="TC_InkUsedValuesFromPrintheadDetailsAPIvsDB" time="19.769" classname="hp.Seals.PrintheadDetailsApiDbTest.PrintheadDetailsAPIvsDBTest"/>
</testsuite> <!-- hp.Seals.PrintheadDetailsApiDbTest.PrintheadDetailsAPIvsDBTest -->
