<?xml version="1.0" encoding="UTF-8"?>
<!-- Generated by org.testng.reporters.JUnitReportReporter -->
<testsuite skipped="0" hostname="PANIGRAP8" name="hp.Seals.APITest.IsPrinterEntitledApi_DBTest" tests="1" failures="0" timestamp="01 Dec 2020 17:36:02 GMT" time="126.004" errors="0">
  <testcase name="isPrinterEntitled_APITest" time="126.004" classname="hp.Seals.APITest.IsPrinterEntitledApi_DBTest"/>
</testsuite> <!-- hp.Seals.APITest.IsPrinterEntitledApi_DBTest -->
