<?xml version="1.0" encoding="UTF-8"?>
<!-- Generated by org.testng.reporters.JUnitReportReporter -->
<testsuite skipped="0" hostname="PANIGRAP8" name="hp.Seals.getErrorEventsApiVsDbTest.ErrorEventsApiDbTest" tests="2" failures="0" timestamp="30 Mar 2021 11:42:22 GMT" time="31.758" errors="0">
  <testcase name="TC_compareLongDescriptionValuesFromAPIvsDB" time="17.722" classname="hp.Seals.getErrorEventsApiVsDbTest.ErrorEventsApiDbTest"/>
  <testcase name="TC_compareShortDescriptionValuesFromAPIvsDB" time="14.036" classname="hp.Seals.getErrorEventsApiVsDbTest.ErrorEventsApiDbTest"/>
</testsuite> <!-- hp.Seals.getErrorEventsApiVsDbTest.ErrorEventsApiDbTest -->
