<?xml version="1.0" encoding="UTF-8"?>
<!-- Generated by org.testng.reporters.JUnitReportReporter -->
<testsuite skipped="0" hostname="PANIGRAP8" name="hp.Seals.MaintenanceTasksApiWithDb.MaintenanceTasksAPIvsDBTest" tests="5" failures="0" timestamp="25 Feb 2021 07:35:49 GMT" time="49.993" errors="0">
  <testcase name="TC_CompareProgressPercentageFromMaintenancesApiVsDB" time="9.947" classname="hp.Seals.MaintenanceTasksApiWithDb.MaintenanceTasksAPIvsDBTest"/>
  <testcase name="TC_CompareStatusFromMaintenancesApiVsDB" time="7.310" classname="hp.Seals.MaintenanceTasksApiWithDb.MaintenanceTasksAPIvsDBTest"/>
  <testcase name="TC_CompareLastMaintenanceDateFromMaintenancesApiVsDB" time="16.459" classname="hp.Seals.MaintenanceTasksApiWithDb.MaintenanceTasksAPIvsDBTest"/>
  <testcase name="TC_CompareNameFromMaintenancesApiVsDB" time="8.190" classname="hp.Seals.MaintenanceTasksApiWithDb.MaintenanceTasksAPIvsDBTest"/>
  <testcase name="TC_CompareUserReplaceableFromMaintenancesApiVsDB" time="8.087" classname="hp.Seals.MaintenanceTasksApiWithDb.MaintenanceTasksAPIvsDBTest"/>
</testsuite> <!-- hp.Seals.MaintenanceTasksApiWithDb.MaintenanceTasksAPIvsDBTest -->
