<?xml version="1.0" encoding="UTF-8"?>
<!-- Generated by org.testng.reporters.JUnitReportReporter -->
<testsuite skipped="0" hostname="PANIGRAP8" name="hp.Seals.APITest.MaintenanceEventsApiDbTest" tests="1" failures="0" timestamp="28 Apr 2021 10:24:03 GMT" time="20.169" errors="0">
  <testcase name="TC_Total_Events_CountFromMaintenanceEventsAPIvsDB" time="20.169" classname="hp.Seals.APITest.MaintenanceEventsApiDbTest"/>
</testsuite> <!-- hp.Seals.APITest.MaintenanceEventsApiDbTest -->
