<?xml version="1.0" encoding="UTF-8"?>
<!-- Generated by org.testng.reporters.JUnitReportReporter -->
<testsuite skipped="0" hostname="PANIGRAP8" name="hp.Seals.printerStatusHistoryApiVsDb.PrinterStatusHistoryApi_DBTest" tests="1" failures="0" timestamp="11 Feb 2021 11:34:34 GMT" time="14.915" errors="0">
  <testcase name="TC_PrinterStatusHistoryStatusCompareWithDB" time="14.915" classname="hp.Seals.printerStatusHistoryApiVsDb.PrinterStatusHistoryApi_DBTest"/>
</testsuite> <!-- hp.Seals.printerStatusHistoryApiVsDb.PrinterStatusHistoryApi_DBTest -->
