<?xml version="1.0" encoding="UTF-8"?>
<!-- Generated by org.testng.reporters.JUnitReportReporter -->
<testsuite skipped="0" hostname="PANIGRAP8" name="hp.Seals.GetDeviceUtilizationApiVsDb.GetDeviceUtilizationAPIvsDbTest" tests="3" failures="0" timestamp="28 Apr 2021 14:53:36 GMT" time="67.785" errors="0">
  <testcase name="TC_CompareProductiveHoursFromApiWithDB" time="17.900" classname="hp.Seals.GetDeviceUtilizationApiVsDb.GetDeviceUtilizationAPIvsDbTest"/>
  <testcase name="TC_CompareOnHoursFromApiWithDB" time="26.932" classname="hp.Seals.GetDeviceUtilizationApiVsDb.GetDeviceUtilizationAPIvsDbTest"/>
  <testcase name="TC_CompareSerialNumberFromApiWithDB" time="22.953" classname="hp.Seals.GetDeviceUtilizationApiVsDb.GetDeviceUtilizationAPIvsDbTest"/>
</testsuite> <!-- hp.Seals.GetDeviceUtilizationApiVsDb.GetDeviceUtilizationAPIvsDbTest -->
