<?xml version="1.0" encoding="UTF-8"?>
<!-- Generated by org.testng.reporters.JUnitReportReporter -->
<testsuite skipped="0" hostname="PANIGRAP8" name="hp.Seals.APITest.ObligationApi" tests="1" failures="0" timestamp="04 Sep 2020 15:50:29 GMT" time="50.347" errors="0">
  <testcase name="getObligation_APITest" time="50.347" classname="hp.Seals.APITest.ObligationApi"/>
</testsuite> <!-- hp.Seals.APITest.ObligationApi -->
