<?xml version="1.0" encoding="UTF-8"?>
<!-- Generated by org.testng.reporters.JUnitReportReporter -->
<testsuite skipped="0" hostname="PANIGRAP8" name="hp.Seals.APITest.MaintenanceTaskAPIDbTest" tests="1" failures="0" timestamp="30 Nov 2020 11:23:40 GMT" time="113.741" errors="0">
  <testcase name="getMaintenance_progressPercentage_Count_CompareWithDB" time="113.741" classname="hp.Seals.APITest.MaintenanceTaskAPIDbTest"/>
</testsuite> <!-- hp.Seals.APITest.MaintenanceTaskAPIDbTest -->
